# JRE version: Java(TM) SE Runtime Environment (18.0.1.1+2) (build 18.0.1.1+2-6)
# Java VM: Java HotSpot(TM) 64-Bit Server VM (18.0.1.1+2-6, mixed mode, sharing, tiered, compressed oops, compressed class ptrs, g1 gc, windows-amd64)
GC Precious Log:
 CardTable entry size: 512
 Card Set container configuration: InlinePtr #cards 4 size 8 Array Of Cards #cards 16 size 48 Howl #buckets 8 coarsen threshold 3686 Howl Bitmap #cards 512 size 80 coarsen threshold 460 Card regions per heap region 1 cards per card region 4096
 CPUs: 4 total, 4 available
 Memory: 12126M
 Large Page Support: Disabled
 NUMA Support: Disabled
 Compressed Oops: Enabled (Zero based)
 Heap Region Size: 2M
 Heap Min Capacity: 8M
 Heap Initial Capacity: 190M
 Heap Max Capacity: 3032M
 Pre-touch: Disabled
 Parallel Workers: 4
 Concurrent Workers: 1
 Concurrent Refinement Workers: 4
 Periodic GC: Disabled
Heap:
 garbage-first heap   total 237568K, used 117566K [0x0000000742800000, 0x0000000800000000)
  region size 2048K, 10 young (20480K), 2 survivors (4096K)
 Metaspace       used 97381K, committed 99136K, reserved 1179648K
  class space    used 10914K, committed 11840K, reserved 1048576K
GC Heap History (20 events):
Event: 1858.262 GC heap after
{Heap after GC invocations=93 (full 17):
 garbage-first heap   total 237568K, used 85464K [0x0000000742800000, 0x0000000800000000)
  region size 2048K, 0 young (0K), 0 survivors (0K)
 Metaspace       used 94444K, committed 96064K, reserved 1179648K
  class space    used 10698K, committed 11520K, reserved 1048576K
}
Event: 1859.014 GC heap before
{Heap before GC invocations=93 (full 17):
 garbage-first heap   total 237568K, used 187864K [0x0000000742800000, 0x0000000800000000)
  region size 2048K, 51 young (104448K), 0 survivors (0K)
 Metaspace       used 95150K, committed 96768K, reserved 1179648K
  class space    used 10751K, committed 11584K, reserved 1048576K
}
Event: 1859.020 GC heap after
{Heap after GC invocations=94 (full 17):
 garbage-first heap   total 237568K, used 93323K [0x0000000742800000, 0x0000000800000000)
  region size 2048K, 4 young (8192K), 4 survivors (8192K)
 Metaspace       used 95150K, committed 96768K, reserved 1179648K
  class space    used 10751K, committed 11584K, reserved 1048576K
}
Event: 1859.361 GC heap before
{Heap before GC invocations=94 (full 17):
 garbage-first heap   total 237568K, used 189579K [0x0000000742800000, 0x0000000800000000)
  region size 2048K, 51 young (104448K), 4 survivors (8192K)
 Metaspace       used 95304K, committed 96960K, reserved 1179648K
  class space    used 10763K, committed 11648K, reserved 1048576K
}
Event: 1859.368 GC heap after
{Heap after GC invocations=95 (full 17):
 garbage-first heap   total 237568K, used 93996K [0x0000000742800000, 0x0000000800000000)
  region size 2048K, 5 young (10240K), 5 survivors (10240K)
 Metaspace       used 95304K, committed 96960K, reserved 1179648K
  class space    used 10763K, committed 11648K, reserved 1048576K
}
Event: 1911.660 GC heap before
{Heap before GC invocations=95 (full 17):
 garbage-first heap   total 237568K, used 161580K [0x0000000742800000, 0x0000000800000000)
  region size 2048K, 40 young (81920K), 5 survivors (10240K)
 Metaspace       used 95470K, committed 97152K, reserved 1179648K
  class space    used 10773K, committed 11648K, reserved 1048576K
}
Event: 1911.771 GC heap after
{Heap after GC invocations=96 (full 18):
 garbage-first heap   total 237568K, used 90327K [0x0000000742800000, 0x0000000800000000)
  region size 2048K, 0 young (0K), 0 survivors (0K)
 Metaspace       used 95456K, committed 97152K, reserved 1179648K
  class space    used 10771K, committed 11648K, reserved 1048576K
}
Event: 1912.443 GC heap before
{Heap before GC invocations=96 (full 18):
 garbage-first heap   total 237568K, used 188631K [0x0000000742800000, 0x0000000800000000)
  region size 2048K, 49 young (100352K), 0 survivors (0K)
 Metaspace       used 96102K, committed 97792K, reserved 1179648K
  class space    used 10819K, committed 11712K, reserved 1048576K
}
Event: 1912.449 GC heap after
{Heap after GC invocations=97 (full 18):
 garbage-first heap   total 237568K, used 97538K [0x0000000742800000, 0x0000000800000000)
  region size 2048K, 4 young (8192K), 4 survivors (8192K)
 Metaspace       used 96102K, committed 97792K, reserved 1179648K
  class space    used 10819K, committed 11712K, reserved 1048576K
}
Event: 1912.717 GC heap before
{Heap before GC invocations=97 (full 18):
 garbage-first heap   total 237568K, used 189698K [0x0000000742800000, 0x0000000800000000)
  region size 2048K, 49 young (100352K), 4 survivors (8192K)
 Metaspace       used 96305K, committed 97984K, reserved 1179648K
  class space    used 10834K, committed 11712K, reserved 1048576K
}
Event: 1912.727 GC heap after
{Heap after GC invocations=98 (full 18):
 garbage-first heap   total 237568K, used 105791K [0x0000000742800000, 0x0000000800000000)
  region size 2048K, 7 young (14336K), 7 survivors (14336K)
 Metaspace       used 96305K, committed 97984K, reserved 1179648K
  class space    used 10834K, committed 11712K, reserved 1048576K
}
Event: 1942.316 GC heap before
{Heap before GC invocations=98 (full 18):
 garbage-first heap   total 237568K, used 165183K [0x0000000742800000, 0x0000000800000000)
  region size 2048K, 38 young (77824K), 7 survivors (14336K)
 Metaspace       used 96405K, committed 98112K, reserved 1179648K
  class space    used 10845K, committed 11712K, reserved 1048576K
}
Event: 1942.429 GC heap after
{Heap after GC invocations=99 (full 19):
 garbage-first heap   total 237568K, used 93255K [0x0000000742800000, 0x0000000800000000)
  region size 2048K, 0 young (0K), 0 survivors (0K)
 Metaspace       used 96392K, committed 98112K, reserved 1179648K
  class space    used 10842K, committed 11712K, reserved 1048576K
}
Event: 1943.130 GC heap before
{Heap before GC invocations=99 (full 19):
 garbage-first heap   total 237568K, used 187463K [0x0000000742800000, 0x0000000800000000)
  region size 2048K, 47 young (96256K), 0 survivors (0K)
 Metaspace       used 96965K, committed 98688K, reserved 1179648K
  class space    used 10886K, committed 11776K, reserved 1048576K
}
Event: 1943.135 GC heap after
{Heap after GC invocations=100 (full 19):
 garbage-first heap   total 237568K, used 100586K [0x0000000742800000, 0x0000000800000000)
  region size 2048K, 4 young (8192K), 4 survivors (8192K)
 Metaspace       used 96965K, committed 98688K, reserved 1179648K
  class space    used 10886K, committed 11776K, reserved 1048576K
}
Event: 1943.496 GC heap before
{Heap before GC invocations=100 (full 19):
 garbage-first heap   total 237568K, used 186602K [0x0000000742800000, 0x0000000800000000)
  region size 2048K, 47 young (96256K), 4 survivors (8192K)
 Metaspace       used 97205K, committed 98944K, reserved 1179648K
  class space    used 10903K, committed 11776K, reserved 1048576K
}
Event: 1943.505 GC heap after
{Heap after GC invocations=101 (full 19):
 garbage-first heap   total 237568K, used 106196K [0x0000000742800000, 0x0000000800000000)
  region size 2048K, 4 young (8192K), 4 survivors (8192K)
 Metaspace       used 97205K, committed 98944K, reserved 1179648K
  class space    used 10903K, committed 11776K, reserved 1048576K
}
Event: 1985.571 GC heap before
{Heap before GC invocations=101 (full 19):
 garbage-first heap   total 237568K, used 186068K [0x0000000742800000, 0x0000000800000000)
  region size 2048K, 44 young (90112K), 4 survivors (8192K)
 Metaspace       used 97376K, committed 99136K, reserved 1179648K
  class space    used 10913K, committed 11840K, reserved 1048576K
}
Event: 1985.575 GC heap after
{Heap after GC invocations=102 (full 19):
 garbage-first heap   total 237568K, used 103230K [0x0000000742800000, 0x0000000800000000)
  region size 2048K, 2 young (4096K), 2 survivors (4096K)
 Metaspace       used 97376K, committed 99136K, reserved 1179648K
  class space    used 10913K, committed 11840K, reserved 1048576K
}
Event: 2108.160 GC heap before
{Heap before GC invocations=102 (full 19):
 garbage-first heap   total 237568K, used 117566K [0x0000000742800000, 0x0000000800000000)
  region size 2048K, 10 young (20480K), 2 survivors (4096K)
 Metaspace       used 97381K, committed 99136K, reserved 1179648K
  class space    used 10914K, committed 11840K, reserved 1048576K
}

