# JRE version: Java(TM) SE Runtime Environment (18.0.1.1+2) (build 18.0.1.1+2-6)
# Java VM: Java HotSpot(TM) 64-Bit Server VM (18.0.1.1+2-6, mixed mode, sharing, tiered, compressed oops, compressed class ptrs, g1 gc, windows-amd64)
GC Precious Log:
 CardTable entry size: 512
 Card Set container configuration: InlinePtr #cards 4 size 8 Array Of Cards #cards 16 size 48 Howl #buckets 8 coarsen threshold 3686 Howl Bitmap #cards 512 size 80 coarsen threshold 460 Card regions per heap region 1 cards per card region 4096
 CPUs: 4 total, 4 available
 Memory: 12126M
 Large Page Support: Disabled
 NUMA Support: Disabled
 Compressed Oops: Enabled (Zero based)
 Heap Region Size: 2M
 Heap Min Capacity: 8M
 Heap Initial Capacity: 190M
 Heap Max Capacity: 3032M
 Pre-touch: Disabled
 Parallel Workers: 4
 Concurrent Workers: 1
 Concurrent Refinement Workers: 4
 Periodic GC: Disabled
Heap:
 garbage-first heap   total 172032K, used 77776K [0x0000000742800000, 0x0000000800000000)
  region size 2048K, 10 young (20480K), 4 survivors (8192K)
 Metaspace       used 63731K, committed 64320K, reserved 1114112K
  class space    used 8407K, committed 8704K, reserved 1048576K
GC Heap History (20 events):
Event: 7.978 GC heap before
{Heap before GC invocations=14 (full 0):
 garbage-first heap   total 67584K, used 51463K [0x0000000742800000, 0x0000000800000000)
  region size 2048K, 13 young (26624K), 1 survivors (2048K)
 Metaspace       used 56757K, committed 57216K, reserved 1114112K
  class space    used 7466K, committed 7680K, reserved 1048576K
}
Event: 7.981 GC heap after
{Heap after GC invocations=15 (full 0):
 garbage-first heap   total 67584K, used 27756K [0x0000000742800000, 0x0000000800000000)
  region size 2048K, 2 young (4096K), 2 survivors (4096K)
 Metaspace       used 56757K, committed 57216K, reserved 1114112K
  class space    used 7466K, committed 7680K, reserved 1048576K
}
Event: 8.368 GC heap before
{Heap before GC invocations=15 (full 0):
 garbage-first heap   total 67584K, used 50284K [0x0000000742800000, 0x0000000800000000)
  region size 2048K, 13 young (26624K), 2 survivors (4096K)
 Metaspace       used 58130K, committed 58624K, reserved 1114112K
  class space    used 7664K, committed 7872K, reserved 1048576K
}
Event: 8.372 GC heap after
{Heap after GC invocations=16 (full 0):
 garbage-first heap   total 67584K, used 29633K [0x0000000742800000, 0x0000000800000000)
  region size 2048K, 2 young (4096K), 2 survivors (4096K)
 Metaspace       used 58130K, committed 58624K, reserved 1114112K
  class space    used 7664K, committed 7872K, reserved 1048576K
}
Event: 8.821 GC heap before
{Heap before GC invocations=16 (full 0):
 garbage-first heap   total 67584K, used 48065K [0x0000000742800000, 0x0000000800000000)
  region size 2048K, 12 young (24576K), 2 survivors (4096K)
 Metaspace       used 60046K, committed 60480K, reserved 1114112K
  class space    used 7953K, committed 8192K, reserved 1048576K
}
Event: 8.827 GC heap after
{Heap after GC invocations=17 (full 0):
 garbage-first heap   total 67584K, used 31682K [0x0000000742800000, 0x0000000800000000)
  region size 2048K, 2 young (4096K), 2 survivors (4096K)
 Metaspace       used 60046K, committed 60480K, reserved 1114112K
  class space    used 7953K, committed 8192K, reserved 1048576K
}
Event: 9.209 GC heap before
{Heap before GC invocations=18 (full 0):
 garbage-first heap   total 67584K, used 52162K [0x0000000742800000, 0x0000000800000000)
  region size 2048K, 12 young (24576K), 2 survivors (4096K)
 Metaspace       used 61558K, committed 62080K, reserved 1114112K
  class space    used 8198K, committed 8448K, reserved 1048576K
}
Event: 9.214 GC heap after
{Heap after GC invocations=19 (full 0):
 garbage-first heap   total 81920K, used 34172K [0x0000000742800000, 0x0000000800000000)
  region size 2048K, 2 young (4096K), 2 survivors (4096K)
 Metaspace       used 61558K, committed 62080K, reserved 1114112K
  class space    used 8198K, committed 8448K, reserved 1048576K
}
Event: 9.246 GC heap before
{Heap before GC invocations=19 (full 0):
 garbage-first heap   total 81920K, used 36220K [0x0000000742800000, 0x0000000800000000)
  region size 2048K, 3 young (6144K), 2 survivors (4096K)
 Metaspace       used 61696K, committed 62208K, reserved 1114112K
  class space    used 8212K, committed 8448K, reserved 1048576K
}
Event: 9.250 GC heap after
{Heap after GC invocations=20 (full 0):
 garbage-first heap   total 81920K, used 34192K [0x0000000742800000, 0x0000000800000000)
  region size 2048K, 1 young (2048K), 1 survivors (2048K)
 Metaspace       used 61696K, committed 62208K, reserved 1114112K
  class space    used 8212K, committed 8448K, reserved 1048576K
}
Event: 9.654 GC heap before
{Heap before GC invocations=20 (full 0):
 garbage-first heap   total 81920K, used 62864K [0x0000000742800000, 0x0000000800000000)
  region size 2048K, 15 young (30720K), 1 survivors (2048K)
 Metaspace       used 63221K, committed 63808K, reserved 1114112K
  class space    used 8371K, committed 8640K, reserved 1048576K
}
Event: 9.658 GC heap after
{Heap after GC invocations=21 (full 0):
 garbage-first heap   total 81920K, used 39217K [0x0000000742800000, 0x0000000800000000)
  region size 2048K, 2 young (4096K), 2 survivors (4096K)
 Metaspace       used 63221K, committed 63808K, reserved 1114112K
  class space    used 8371K, committed 8640K, reserved 1048576K
}
Event: 9.808 GC heap before
{Heap before GC invocations=21 (full 0):
 garbage-first heap   total 81920K, used 59697K [0x0000000742800000, 0x0000000800000000)
  region size 2048K, 13 young (26624K), 2 survivors (4096K)
 Metaspace       used 63300K, committed 63872K, reserved 1114112K
  class space    used 8373K, committed 8640K, reserved 1048576K
}
Event: 9.814 GC heap after
{Heap after GC invocations=22 (full 0):
 garbage-first heap   total 81920K, used 45564K [0x0000000742800000, 0x0000000800000000)
  region size 2048K, 2 young (4096K), 2 survivors (4096K)
 Metaspace       used 63300K, committed 63872K, reserved 1114112K
  class space    used 8373K, committed 8640K, reserved 1048576K
}
Event: 9.954 GC heap before
{Heap before GC invocations=22 (full 0):
 garbage-first heap   total 81920K, used 59900K [0x0000000742800000, 0x0000000800000000)
  region size 2048K, 10 young (20480K), 2 survivors (4096K)
 Metaspace       used 63432K, committed 64000K, reserved 1114112K
  class space    used 8385K, committed 8640K, reserved 1048576K
}
Event: 9.959 GC heap after
{Heap after GC invocations=23 (full 0):
 garbage-first heap   total 81920K, used 50352K [0x0000000742800000, 0x0000000800000000)
  region size 2048K, 2 young (4096K), 2 survivors (4096K)
 Metaspace       used 63432K, committed 64000K, reserved 1114112K
  class space    used 8385K, committed 8640K, reserved 1048576K
}
Event: 10.059 GC heap before
{Heap before GC invocations=23 (full 0):
 garbage-first heap   total 106496K, used 62640K [0x0000000742800000, 0x0000000800000000)
  region size 2048K, 8 young (16384K), 2 survivors (4096K)
 Metaspace       used 63442K, committed 64000K, reserved 1114112K
  class space    used 8385K, committed 8640K, reserved 1048576K
}
Event: 10.063 GC heap after
{Heap after GC invocations=24 (full 0):
 garbage-first heap   total 172032K, used 52895K [0x0000000742800000, 0x0000000800000000)
  region size 2048K, 1 young (2048K), 1 survivors (2048K)
 Metaspace       used 63442K, committed 64000K, reserved 1114112K
  class space    used 8385K, committed 8640K, reserved 1048576K
}
Event: 10.392 GC heap before
{Heap before GC invocations=25 (full 0):
 garbage-first heap   total 172032K, used 112287K [0x0000000742800000, 0x0000000800000000)
  region size 2048K, 30 young (61440K), 1 survivors (2048K)
 Metaspace       used 63556K, committed 64128K, reserved 1114112K
  class space    used 8388K, committed 8640K, reserved 1048576K
}
Event: 10.410 GC heap after
{Heap after GC invocations=26 (full 0):
 garbage-first heap   total 172032K, used 67536K [0x0000000742800000, 0x0000000800000000)
  region size 2048K, 4 young (8192K), 4 survivors (8192K)
 Metaspace       used 63556K, committed 64128K, reserved 1114112K
  class space    used 8388K, committed 8640K, reserved 1048576K
}

